<?xml version="1.0" encoding="UTF-8"?>
<!-- Generated by org.testng.reporters.JUnitXMLReporter -->
<testsuite ignored="0" hostname="MacBookAir.fios-router.home" failures="1" tests="1" name="Surefire test" time="4.521" errors="0" timestamp="2025-02-13T11:30:46 EST">
  <testcase classname="SDET_SeleniumPractice.sauceDemoTest" name="saucedemoTest" time="1.29">
    <failure type="java.lang.AssertionError" message="expected:&amp;lt;[[ChromeDriver: chrome on mac (3b1d456e38852869376776dd96dd5f22)] -&amp;gt; css selector: .inventory_item_price]&amp;gt; but was:&amp;lt;15.99&amp;gt;">
      <![CDATA[java.lang.AssertionError: expected:<[[ChromeDriver: chrome on mac (3b1d456e38852869376776dd96dd5f22)] -> css selector: .inventory_item_price]> but was:<15.99>
at SDET_SeleniumPractice.sauceDemoTest.saucedemoTest(sauceDemoTest.java:78)
at java.base/java.util.ArrayList.forEach(ArrayList.java:1596)
... Removed 34 stack frames]]>
    </failure>
  </testcase> <!-- saucedemoTest -->
</testsuite> <!-- Surefire test -->
